Determining if the pthread_create exist failed with the following output:
Change Dir: /home/dev/projects/cpp/Fast-Code-Competition/Quivering_Sharks/CMakeFiles/CMakeTmp

Run Build Command:"/usr/bin/make" "cmTC_cd746/fast"
/usr/bin/make -f CMakeFiles/cmTC_cd746.dir/build.make CMakeFiles/cmTC_cd746.dir/build
make[1]: Entering directory '/home/dev/projects/cpp/Fast-Code-Competition/Quivering_Sharks/CMakeFiles/CMakeTmp'
Building C object CMakeFiles/cmTC_cd746.dir/CheckSymbolExists.c.o
/usr/bin/cc    -o CMakeFiles/cmTC_cd746.dir/CheckSymbolExists.c.o   -c /home/dev/projects/cpp/Fast-Code-Competition/Quivering_Sharks/CMakeFiles/CMakeTmp/CheckSymbolExists.c
Linking C executable cmTC_cd746
/usr/bin/cmake -E cmake_link_script CMakeFiles/cmTC_cd746.dir/link.txt --verbose=1
/usr/bin/cc      CMakeFiles/cmTC_cd746.dir/CheckSymbolExists.c.o  -o cmTC_cd746 
CMakeFiles/cmTC_cd746.dir/CheckSymbolExists.c.o: In function `main':
CheckSymbolExists.c:(.text+0x1b): undefined reference to `pthread_create'
collect2: Fehler: ld gab 1 als Ende-Status zurück
make[1]: *** [CMakeFiles/cmTC_cd746.dir/build.make:98: cmTC_cd746] Error 1
make[1]: Leaving directory '/home/dev/projects/cpp/Fast-Code-Competition/Quivering_Sharks/CMakeFiles/CMakeTmp'
make: *** [Makefile:126: cmTC_cd746/fast] Error 2

File /home/dev/projects/cpp/Fast-Code-Competition/Quivering_Sharks/CMakeFiles/CMakeTmp/CheckSymbolExists.c:
/* */
#include <pthread.h>

int main(int argc, char** argv)
{
  (void)argv;
#ifndef pthread_create
  return ((int*)(&pthread_create))[argc];
#else
  (void)argc;
  return 0;
#endif
}

Determining if the function pthread_create exists in the pthreads failed with the following output:
Change Dir: /home/dev/projects/cpp/Fast-Code-Competition/Quivering_Sharks/CMakeFiles/CMakeTmp

Run Build Command:"/usr/bin/make" "cmTC_66081/fast"
/usr/bin/make -f CMakeFiles/cmTC_66081.dir/build.make CMakeFiles/cmTC_66081.dir/build
make[1]: Entering directory '/home/dev/projects/cpp/Fast-Code-Competition/Quivering_Sharks/CMakeFiles/CMakeTmp'
Building C object CMakeFiles/cmTC_66081.dir/CheckFunctionExists.c.o
/usr/bin/cc   -DCHECK_FUNCTION_EXISTS=pthread_create   -o CMakeFiles/cmTC_66081.dir/CheckFunctionExists.c.o   -c /usr/share/cmake-3.8/Modules/CheckFunctionExists.c
Linking C executable cmTC_66081
/usr/bin/cmake -E cmake_link_script CMakeFiles/cmTC_66081.dir/link.txt --verbose=1
/usr/bin/cc  -DCHECK_FUNCTION_EXISTS=pthread_create    CMakeFiles/cmTC_66081.dir/CheckFunctionExists.c.o  -o cmTC_66081 -lpthreads 
/usr/bin/ld: cannot find -lpthreads
collect2: Fehler: ld gab 1 als Ende-Status zurück
make[1]: *** [CMakeFiles/cmTC_66081.dir/build.make:98: cmTC_66081] Error 1
make[1]: Leaving directory '/home/dev/projects/cpp/Fast-Code-Competition/Quivering_Sharks/CMakeFiles/CMakeTmp'
make: *** [Makefile:126: cmTC_66081/fast] Error 2


